<?xml version="1.0" encoding="UTF-8"?>
<!-- Generated by org.testng.reporters.JUnitReportReporter -->
<testsuite hostname="prabhjots-MacBook-Pro.local" name="testng.loginTest4" tests="3" failures="0" timestamp="24 Nov 2022 19:02:44 GMT" time="0.003" errors="0">
  <testcase name="MobileloginHomeloan" time="0.001" classname="testng.loginTest4"/>
  <testcase name="LoginAPIHomeLoan" time="0.001" classname="testng.loginTest4"/>
  <testcase name="WebloginHomeloan" time="0.001" classname="testng.loginTest4"/>
</testsuite> <!-- testng.loginTest4 -->
