<?xml version="1.0" encoding="UTF-8"?>
<!-- Generated by org.testng.reporters.JUnitReportReporter -->
<testsuite hostname="prabhjots-MacBook-Pro.local" name="testng.loginTest" tests="2" failures="0" timestamp="12 Dec 2022 07:46:24 GMT" time="0.010" errors="0">
  <testcase name="SecondTest" time="0.001" classname="testng.loginTest"/>
  <testcase name="Demo" time="0.009" classname="testng.loginTest"/>
</testsuite> <!-- testng.loginTest -->
