<?xml version="1.0" encoding="UTF-8"?>
<!-- Generated by org.testng.reporters.JUnitReportReporter -->
<testsuite hostname="prabhjots-MacBook-Pro.local" name="testng.loginTest2" tests="1" failures="0" timestamp="24 Nov 2022 19:02:44 GMT" time="0.001" errors="0">
  <testcase name="ploan" time="0.001" classname="testng.loginTest2"/>
</testsuite> <!-- testng.loginTest2 -->
