<?xml version="1.0" encoding="UTF-8"?>
<!-- Generated by org.testng.reporters.JUnitReportReporter -->
<testsuite hostname="prabhjots-MacBook-Pro.local" name="testng.loginTest3" tests="6" failures="0" timestamp="24 Nov 2022 19:02:44 GMT" time="0.003" errors="0">
  <testcase name="Mobilesignoutcarloan" time="0.000" classname="testng.loginTest3"/>
  <testcase name="APIcarLoan" time="0.001" classname="testng.loginTest3"/>
  <testcase name="Mobilesignoutcarloan" time="0.000" classname="testng.loginTest3"/>
  <testcase name="WebloginCarloan" time="0.001" classname="testng.loginTest3"/>
  <testcase name="Mobilesignoutcarloan" time="0.001" classname="testng.loginTest3"/>
  <testcase name="Mobilesignincarloan" time="0.000" classname="testng.loginTest3"/>
</testsuite> <!-- testng.loginTest3 -->
